2020-12-10 00:30:19,885 WARN  [SoapUI] Missing folder [C:\Users\DEBRAJBHAUMIK\Desktop\API Testing\my-app\ext] for external libraries
2020-12-10 00:30:20,250 INFO  [DefaultSoapUICore] initialized soapui-settings from [C:\Users\DEBRAJBHAUMIK\soapui-settings.xml]
2020-12-10 00:30:23,474 INFO  [WsdlProject] Loaded project from [file:/C:/Users/DEBRAJBHAUMIK/Desktop/API%20Testing/my-app/Sales-Order-Creation-soapui-project.xml]
2020-12-10 00:30:24,185 INFO  [SoapUITestCaseRunner] Running SoapUI tests in project [Sales Order Creation]
2020-12-10 00:30:24,187 INFO  [SoapUITestCaseRunner] Running Project [Sales Order Creation], runType = SEQUENTIAL
2020-12-10 00:30:24,238 INFO  [SoapUITestCaseRunner] Running SoapUI testcase [Functional Testing Using Property Transfer]
2020-12-10 00:30:24,254 INFO  [SoapUITestCaseRunner] running step [Create Sales Order]
2020-12-10 00:30:25,933 INFO  [SoapUITestCaseRunner] Assertion [SOAP Response] has status VALID
2020-12-10 00:30:25,933 INFO  [SoapUITestCaseRunner] running step [Get List of All Sales Order]
2020-12-10 00:31:10,196 INFO  [SoapUITestCaseRunner] Assertion [SOAP Response] has status VALID
2020-12-10 00:31:10,197 INFO  [SoapUITestCaseRunner] running step [Get Sales Order by Id]
2020-12-10 00:31:11,436 INFO  [SoapUITestCaseRunner] Assertion [SOAP Response] has status VALID
2020-12-10 00:31:11,436 INFO  [SoapUITestCaseRunner] running step [Get Status of Sales Order by Id]
2020-12-10 00:31:12,390 INFO  [SoapUITestCaseRunner] Assertion [SOAP Response] has status VALID
2020-12-10 00:31:12,391 INFO  [SoapUITestCaseRunner] running step [Cancel Sales Order by Id]
2020-12-10 00:31:13,682 INFO  [SoapUITestCaseRunner] Assertion [SOAP Response] has status VALID
2020-12-10 00:31:13,687 INFO  [SoapUITestCaseRunner] Finished running SoapUI testcase [Functional Testing Using Property Transfer], time taken: 49406ms, status: FINISHED
2020-12-10 00:31:13,689 INFO  [SoapUITestCaseRunner] Running SoapUI testcase [Functional Testing Using Property Expansion]
2020-12-10 00:31:13,691 INFO  [SoapUITestCaseRunner] running step [Properties]
2020-12-10 00:31:13,700 INFO  [SoapUITestCaseRunner] running step [create a new sales order]
2020-12-10 00:31:14,418 INFO  [SoapUITestCaseRunner] Assertion [SOAP Response] has status VALID
2020-12-10 00:31:14,418 INFO  [SoapUITestCaseRunner] running step [list of all sales order]
2020-12-10 00:31:57,740 INFO  [SoapUITestCaseRunner] Assertion [SOAP Response] has status VALID
2020-12-10 00:31:57,741 INFO  [SoapUITestCaseRunner] running step [get sales order by id]
2020-12-10 00:31:58,697 INFO  [SoapUITestCaseRunner] Assertion [SOAP Response] has status VALID
2020-12-10 00:31:58,698 INFO  [SoapUITestCaseRunner] running step [Property Transfer]
2020-12-10 00:31:59,038 INFO  [SoapUITestCaseRunner] running step [get status of sales order by Id]
2020-12-10 00:31:59,899 INFO  [SoapUITestCaseRunner] Assertion [SOAP Response] has status VALID
2020-12-10 00:31:59,900 INFO  [SoapUITestCaseRunner] running step [Property Transfer 1]
2020-12-10 00:31:59,905 INFO  [SoapUITestCaseRunner] running step [cancel sales order by Id]
2020-12-10 00:32:00,767 INFO  [SoapUITestCaseRunner] Assertion [SOAP Response] has status VALID
2020-12-10 00:32:00,769 INFO  [SoapUITestCaseRunner] Finished running SoapUI testcase [Functional Testing Using Property Expansion], time taken: 47052ms, status: FINISHED
2020-12-10 00:32:00,772 INFO  [SoapUITestCaseRunner] Running SoapUI testcase [Functional Testing Using Assertion]
2020-12-10 00:32:00,773 INFO  [SoapUITestCaseRunner] running step [Properties]
2020-12-10 00:32:00,774 INFO  [SoapUITestCaseRunner] running step [create a new sales order]
2020-12-10 00:32:02,298 INFO  [SchemaUtils] Added default schema from file:/C:/Users/DEBRAJBHAUMIK/.m2/repository/com/smartbear/soapui/soapui/5.0.0/soapui-5.0.0.jar!/com/eviware/soapui/resources/xsds/xop.xsd with targetNamespace http://www.w3.org/2004/08/xop/include
2020-12-10 00:32:02,369 INFO  [SchemaUtils] Added default schema from file:/C:/Users/DEBRAJBHAUMIK/.m2/repository/com/smartbear/soapui/soapui/5.0.0/soapui-5.0.0.jar!/com/eviware/soapui/resources/xsds/XMLSchema.xsd with targetNamespace http://www.w3.org/2001/XMLSchema
2020-12-10 00:32:02,378 INFO  [SchemaUtils] Added default schema from file:/C:/Users/DEBRAJBHAUMIK/.m2/repository/com/smartbear/soapui/soapui/5.0.0/soapui-5.0.0.jar!/com/eviware/soapui/resources/xsds/xml.xsd with targetNamespace http://www.w3.org/XML/1998/namespace
2020-12-10 00:32:02,380 INFO  [SchemaUtils] Added default schema from file:/C:/Users/DEBRAJBHAUMIK/.m2/repository/com/smartbear/soapui/soapui/5.0.0/soapui-5.0.0.jar!/com/eviware/soapui/resources/xsds/swaref.xsd with targetNamespace http://ws-i.org/profiles/basic/1.1/xsd
2020-12-10 00:32:02,384 INFO  [SchemaUtils] Added default schema from file:/C:/Users/DEBRAJBHAUMIK/.m2/repository/com/smartbear/soapui/soapui/5.0.0/soapui-5.0.0.jar!/com/eviware/soapui/resources/xsds/xmime200505.xsd with targetNamespace http://www.w3.org/2005/05/xmlmime
2020-12-10 00:32:02,416 INFO  [SchemaUtils] Added default schema from file:/C:/Users/DEBRAJBHAUMIK/.m2/repository/com/smartbear/soapui/soapui/5.0.0/soapui-5.0.0.jar!/com/eviware/soapui/resources/xsds/xmime200411.xsd with targetNamespace http://www.w3.org/2004/11/xmlmime
2020-12-10 00:32:02,422 INFO  [SchemaUtils] Added default schema from file:/C:/Users/DEBRAJBHAUMIK/.m2/repository/com/smartbear/soapui/soapui/5.0.0/soapui-5.0.0.jar!/com/eviware/soapui/resources/xsds/soapEnvelope.xsd with targetNamespace http://schemas.xmlsoap.org/soap/envelope/
2020-12-10 00:32:02,426 INFO  [SchemaUtils] Added default schema from file:/C:/Users/DEBRAJBHAUMIK/.m2/repository/com/smartbear/soapui/soapui/5.0.0/soapui-5.0.0.jar!/com/eviware/soapui/resources/xsds/soapEncoding.xsd with targetNamespace http://schemas.xmlsoap.org/soap/encoding/
2020-12-10 00:32:02,429 INFO  [SchemaUtils] Added default schema from file:/C:/Users/DEBRAJBHAUMIK/.m2/repository/com/smartbear/soapui/soapui/5.0.0/soapui-5.0.0.jar!/com/eviware/soapui/resources/xsds/soapEnvelope12.xsd with targetNamespace http://www.w3.org/2003/05/soap-envelope
2020-12-10 00:32:02,433 INFO  [SchemaUtils] Added default schema from file:/C:/Users/DEBRAJBHAUMIK/.m2/repository/com/smartbear/soapui/soapui/5.0.0/soapui-5.0.0.jar!/com/eviware/soapui/resources/xsds/soapEncoding12.xsd with targetNamespace http://www.w3.org/2003/05/soap-encoding
2020-12-10 00:32:02,442 INFO  [SchemaUtils] Loading schema types from [file:/C:/Users/DEBRAJBHAUMIK/Downloads/SOAP%20API%20WSDL%20EndPoints/SOAP%20API%20WSDL%20EndPoints/salesOrderRepositoryV1.xml]
2020-12-10 00:32:02,444 INFO  [SchemaUtils] Getting schema file:/C:/Users/DEBRAJBHAUMIK/Downloads/SOAP%20API%20WSDL%20EndPoints/SOAP%20API%20WSDL%20EndPoints/salesOrderRepositoryV1.xml
2020-12-10 00:32:02,974 INFO  [SoapUITestCaseRunner] Assertion [SOAP Response] has status VALID
2020-12-10 00:32:02,974 INFO  [SoapUITestCaseRunner] Assertion [XPath Match] has status VALID
2020-12-10 00:32:02,976 INFO  [SoapUITestCaseRunner] Assertion [Invalid HTTP Status Codes] has status VALID
2020-12-10 00:32:02,980 INFO  [SoapUITestCaseRunner] Assertion [Schema Compliance] has status VALID
2020-12-10 00:32:02,981 INFO  [SoapUITestCaseRunner] Assertion [XQuery Match] has status VALID
2020-12-10 00:32:02,982 INFO  [SoapUITestCaseRunner] running step [list of all sales order]
2020-12-10 00:32:44,070 INFO  [SoapUITestCaseRunner] Assertion [SOAP Response] has status VALID
2020-12-10 00:32:44,070 INFO  [SoapUITestCaseRunner] Assertion [XPath Match] has status VALID
2020-12-10 00:32:44,072 INFO  [SoapUITestCaseRunner] running step [get sales order by id]
2020-12-10 00:32:44,982 INFO  [SoapUITestCaseRunner] Assertion [SOAP Response] has status VALID
2020-12-10 00:32:44,991 INFO  [SoapUITestCaseRunner] running step [Property Transfer]
2020-12-10 00:32:44,998 INFO  [SoapUITestCaseRunner] running step [get status of sales order by Id]
2020-12-10 00:32:45,815 INFO  [SoapUITestCaseRunner] Assertion [SOAP Response] has status VALID
2020-12-10 00:32:45,818 INFO  [SoapUITestCaseRunner] running step [Property Transfer 1]
2020-12-10 00:32:45,821 INFO  [SoapUITestCaseRunner] running step [cancel sales order by Id]
2020-12-10 00:32:46,706 INFO  [SoapUITestCaseRunner] Assertion [SOAP Response] has status VALID
2020-12-10 00:32:46,707 INFO  [SoapUITestCaseRunner] Assertion [XQuery Match] has status VALID
2020-12-10 00:32:46,710 INFO  [SoapUITestCaseRunner] Finished running SoapUI testcase [Functional Testing Using Assertion], time taken: 45899ms, status: FINISHED
2020-12-10 00:32:46,714 INFO  [SoapUITestCaseRunner] Running SoapUI testcase [GroovyExecution]
2020-12-10 00:32:46,715 INFO  [SoapUITestCaseRunner] running step [Groovy Script]
2020-12-10 00:32:47,183 INFO  [SoapUITestCaseRunner] Running SoapUI testcase [Functional Testing Using Assertion]
2020-12-10 00:32:47,185 INFO  [SoapUITestCaseRunner] running step [Properties]
2020-12-10 00:32:47,185 INFO  [SoapUITestCaseRunner] running step [create a new sales order]
2020-12-10 00:32:48,240 INFO  [SoapUITestCaseRunner] Assertion [SOAP Response] has status VALID
2020-12-10 00:32:48,240 INFO  [SoapUITestCaseRunner] Assertion [XPath Match] has status VALID
2020-12-10 00:32:48,241 INFO  [SoapUITestCaseRunner] Assertion [Invalid HTTP Status Codes] has status VALID
2020-12-10 00:32:48,242 INFO  [SoapUITestCaseRunner] Assertion [Schema Compliance] has status VALID
2020-12-10 00:32:48,246 INFO  [SoapUITestCaseRunner] Assertion [XQuery Match] has status VALID
2020-12-10 00:32:48,247 INFO  [SoapUITestCaseRunner] running step [list of all sales order]
2020-12-10 00:33:29,406 INFO  [SoapUITestCaseRunner] Assertion [SOAP Response] has status VALID
2020-12-10 00:33:29,406 INFO  [SoapUITestCaseRunner] Assertion [XPath Match] has status VALID
2020-12-10 00:33:29,408 INFO  [SoapUITestCaseRunner] running step [get sales order by id]
2020-12-10 00:33:30,338 INFO  [SoapUITestCaseRunner] Assertion [SOAP Response] has status VALID
2020-12-10 00:33:30,339 INFO  [SoapUITestCaseRunner] running step [Property Transfer]
2020-12-10 00:33:30,344 INFO  [SoapUITestCaseRunner] running step [get status of sales order by Id]
2020-12-10 00:33:31,227 INFO  [SoapUITestCaseRunner] Assertion [SOAP Response] has status VALID
2020-12-10 00:33:31,227 INFO  [SoapUITestCaseRunner] running step [Property Transfer 1]
2020-12-10 00:33:31,231 INFO  [SoapUITestCaseRunner] running step [cancel sales order by Id]
2020-12-10 00:33:34,196 INFO  [SoapUITestCaseRunner] Assertion [SOAP Response] has status VALID
2020-12-10 00:33:34,196 INFO  [SoapUITestCaseRunner] Assertion [XQuery Match] has status VALID
2020-12-10 00:33:34,202 INFO  [SoapUITestCaseRunner] Finished running SoapUI testcase [Functional Testing Using Assertion], time taken: 46980ms, status: FINISHED
2020-12-10 00:33:34,229 INFO  [log] Status =FINISHED, time taken to complete execution is 46980 ms
2020-12-10 00:33:34,260 INFO  [log] number of test steps executed are 8
2020-12-10 00:33:34,261 INFO  [SoapUITestCaseRunner] Finished running SoapUI testcase [GroovyExecution], time taken: 47544ms, status: FINISHED
2020-12-10 00:33:34,266 INFO  [SoapUITestCaseRunner] Project [Sales Order Creation] finished with status [FINISHED] in 190068ms
